<?xml version="1.0" encoding="UTF-8"?>
<!-- Generated by org.testng.reporters.JUnitReportReporter -->
<testsuite hostname="vipulbokde" failures="0" tests="1" name="testcases.first_test_case" time="10.368" errors="0" timestamp="2025-02-03T15:53:14 IST" skipped="0">
  <testcase classname="testcases.first_test_case" name="testValidLogin" time="10.368"/>
  <system-out/>
</testsuite> <!-- testcases.first_test_case -->
